[13:29:39] [main/INFO] (FabricLoader/GameProvider) Loading Minecraft 1.20.4 with Fabric Loader 0.15.11
[13:29:39] [main/INFO] (FabricLoader) Loading 59 mods:
	- fabric-api 0.97.0+1.20.4
	- fabric-api-base 0.4.37+78d798af4f
	- fabric-api-lookup-api-v1 1.6.50+82b1bb3e4f
	- fabric-biome-api-v1 13.0.17+78d798af4f
	- fabric-block-api-v1 1.0.17+3e2216cb4f
	- fabric-block-view-api-v2 1.0.5+78d798af4f
	- fabric-blockrenderlayer-v1 1.1.47+78d798af4f
	- fabric-client-tags-api-v1 1.1.8+78d798af4f
	- fabric-command-api-v1 1.2.42+f71b366f4f
	- fabric-command-api-v2 2.2.21+78d798af4f
	- fabric-commands-v0 0.2.59+df3654b34f
	- fabric-containers-v0 0.1.87+df3654b34f
	- fabric-content-registries-v0 5.0.16+78d798af4f
	- fabric-convention-tags-v1 1.5.11+78d798af4f
	- fabric-crash-report-info-v1 0.2.24+78d798af4f
	- fabric-data-attachment-api-v1 1.1.5+b90db5744f
	- fabric-data-generation-api-v1 13.2.5+5c0133444f
	- fabric-dimensions-v1 2.1.62+78d798af4f
	- fabric-entity-events-v1 1.6.2+09fc25014f
	- fabric-events-interaction-v0 0.7.2+389931eb4f
	- fabric-events-lifecycle-v0 0.2.75+df3654b34f
	- fabric-game-rule-api-v1 1.0.47+78d798af4f
	- fabric-gametest-api-v1 1.3.6+85d85a934f
	- fabric-item-api-v1 2.3.0+bcdd12964f
	- fabric-item-group-api-v1 4.0.27+ee30b13a4f
	- fabric-key-binding-api-v1 1.0.42+78d798af4f
	- fabric-keybindings-v0 0.2.40+df3654b34f
	- fabric-lifecycle-events-v1 2.3.1+a67ffb5d4f
	- fabric-loot-api-v2 2.1.10+78d798af4f
	- fabric-message-api-v1 6.0.6+78d798af4f
	- fabric-mining-level-api-v1 2.1.66+78d798af4f
	- fabric-model-loading-api-v1 1.0.9+78d798af4f
	- fabric-models-v0 0.4.8+9386d8a74f
	- fabric-networking-api-v1 3.1.8+2e5ac5484f
	- fabric-object-builder-api-v1 13.1.0+dba1195c4f
	- fabric-particles-v1 1.1.8+78d798af4f
	- fabric-recipe-api-v1 2.0.21+78d798af4f
	- fabric-registry-sync-v0 4.0.20+ee30b13a4f
	- fabric-renderer-api-v1 3.2.5+78d798af4f
	- fabric-renderer-indigo 1.5.5+78d798af4f
	- fabric-renderer-registries-v1 3.2.54+df3654b34f
	- fabric-rendering-data-attachment-v1 0.3.43+73761d2e4f
	- fabric-rendering-fluids-v1 3.1.2+e761c6694f
	- fabric-rendering-v0 1.1.57+df3654b34f
	- fabric-rendering-v1 3.2.1+6fd945a04f
	- fabric-resource-conditions-api-v1 2.3.15+78d798af4f
	- fabric-resource-loader-v0 0.11.21+ee30b13a4f
	- fabric-screen-api-v1 2.0.18+78d798af4f
	- fabric-screen-handler-api-v1 1.3.56+78d798af4f
	- fabric-sound-api-v1 1.0.18+78d798af4f
	- fabric-transfer-api-v1 4.0.12+90f2d7b14f
	- fabric-transitive-access-wideners-v1 5.0.15+78d798af4f
	- fabricloader 0.15.11
	- jade 13.3.1
	- java 17
	- minecraft 1.20.4
	- mixinextras 0.3.5
	- modmenu 9.2.0-beta.2
	- sauerkrautmod 0.1.0
[13:29:39] [main/INFO] (FabricLoader/Mixin) SpongePowered MIXIN Subsystem Version=0.8.5 Source=file:/D:/gradle-8.5/repo/caches/modules-2/files-2.1/net.fabricmc/sponge-mixin/0.13.3+mixin.0.8.5/9527e6b0d2449408958fd1302594dc65ec5ade9c/sponge-mixin-0.13.3+mixin.0.8.5.jar Service=Knot/Fabric Env=CLIENT
[13:29:40] [main/INFO] (FabricLoader/Mixin) Loaded Fabric development mappings for mixin remapper!
[13:29:40] [main/INFO] (FabricLoader/Mixin) Compatibility level set to JAVA_17
[13:29:41] [main/INFO] (FabricLoader/MixinExtras|Service) Initializing MixinExtras via com.llamalad7.mixinextras.service.MixinExtrasServiceImpl(version=0.3.5).
[13:29:48] [Datafixer Bootstrap/INFO] (Minecraft) 198 Datafixer optimizations took 191 milliseconds
[13:29:51] [Render thread/INFO] (Minecraft) Environment: Environment[sessionHost=https://sessionserver.mojang.com, servicesHost=https://api.minecraftservices.com, name=PROD]
[13:29:51] [Render thread/INFO] (Minecraft) Setting user: Player638
[13:29:51] [Render thread/INFO] (fabric-networking-api-v1) Force Packet Serialization is enabled to mimic remote connection on single player, this is the default behaviour on dev env. Add -Dfabric-api.networking.force-packet-serialization=false JVM arg to disable it.
[13:29:51] [Render thread/INFO] (sauerkrautmod) Hello Fabric world!
[13:29:51] [Render thread/INFO] (sauerkrautmod) 注册MOD物品sauerkrautmod
[13:29:51] [Download-2/ERROR] (Minecraft) Failed to fetch user properties
com.mojang.authlib.exceptions.InvalidCredentialsException: Status: 401
	at com.mojang.authlib.exceptions.MinecraftClientHttpException.toAuthenticationException(MinecraftClientHttpException.java:59) ~[authlib-6.0.52.jar:?]
	at com.mojang.authlib.yggdrasil.YggdrasilUserApiService.fetchProperties(YggdrasilUserApiService.java:150) ~[authlib-6.0.52.jar:?]
	at net.minecraft.client.MinecraftClient.method_55608(MinecraftClient.java:526) ~[minecraft-merged-97ecb88e77-1.20.4-net.fabricmc.yarn.1_20_4.1.20.4+build.3-v2.jar:?]
	at java.util.concurrent.CompletableFuture$AsyncSupply.run(CompletableFuture.java:1768) ~[?:?]
	at java.util.concurrent.ThreadPoolExecutor.runWorker(ThreadPoolExecutor.java:1136) ~[?:?]
	at java.util.concurrent.ThreadPoolExecutor$Worker.run(ThreadPoolExecutor.java:635) ~[?:?]
	at java.lang.Thread.run(Thread.java:833) ~[?:?]
Caused by: com.mojang.authlib.exceptions.MinecraftClientHttpException: Status: 401
	at com.mojang.authlib.minecraft.client.MinecraftClient.readInputStream(MinecraftClient.java:100) ~[authlib-6.0.52.jar:?]
	at com.mojang.authlib.minecraft.client.MinecraftClient.get(MinecraftClient.java:57) ~[authlib-6.0.52.jar:?]
	at com.mojang.authlib.yggdrasil.YggdrasilUserApiService.fetchProperties(YggdrasilUserApiService.java:121) ~[authlib-6.0.52.jar:?]
	... 5 more
[13:29:51] [Render thread/INFO] (sauerkrautmod) 注册一个自定义物品sauerkrautmod
[13:29:51] [Render thread/INFO] (Minecraft) [STDOUT]: 注册附魔
[13:29:51] [Render thread/INFO] (sauerkrautmod) 注册一个方块sauerkrautmod
[13:29:51] [Render thread/INFO] (sauerkrautmod) 注册一个声音sauerkrautmod
[13:29:51] [Render thread/INFO] (Indigo) [Indigo] Registering Indigo renderer!
[13:29:52] [Render thread/INFO] (Mod Menu/Update Checker) Checking mod updates...
[13:29:52] [Render thread/INFO] (Minecraft) Backend library: LWJGL version 3.3.2-snapshot
[13:29:54] [Render thread/INFO] (Minecraft) Reloading ResourceManager: vanilla, fabric, fabric-api, fabric-api-base, fabric-api-lookup-api-v1, fabric-biome-api-v1, fabric-block-api-v1, fabric-block-view-api-v2, fabric-blockrenderlayer-v1, fabric-client-tags-api-v1, fabric-command-api-v1, fabric-command-api-v2, fabric-commands-v0, fabric-containers-v0, fabric-content-registries-v0, fabric-convention-tags-v1, fabric-crash-report-info-v1, fabric-data-attachment-api-v1, fabric-data-generation-api-v1, fabric-dimensions-v1, fabric-entity-events-v1, fabric-events-interaction-v0, fabric-events-lifecycle-v0, fabric-game-rule-api-v1, fabric-gametest-api-v1, fabric-item-api-v1, fabric-item-group-api-v1, fabric-key-binding-api-v1, fabric-keybindings-v0, fabric-lifecycle-events-v1, fabric-loot-api-v2, fabric-message-api-v1, fabric-mining-level-api-v1, fabric-model-loading-api-v1, fabric-models-v0, fabric-networking-api-v1, fabric-object-builder-api-v1, fabric-particles-v1, fabric-recipe-api-v1, fabric-registry-sync-v0, fabric-renderer-api-v1, fabric-renderer-indigo, fabric-renderer-registries-v1, fabric-rendering-data-attachment-v1, fabric-rendering-fluids-v1, fabric-rendering-v0, fabric-rendering-v1, fabric-resource-conditions-api-v1, fabric-resource-loader-v0, fabric-screen-api-v1, fabric-screen-handler-api-v1, fabric-sound-api-v1, fabric-transfer-api-v1, fabric-transitive-access-wideners-v1, fabricloader, jade, modmenu, sauerkrautmod
[13:29:54] [Render thread/INFO] (Jade) Start loading plugin from Jade
[13:29:54] [Worker-Main-8/INFO] (Minecraft) Found unifont_all_no_pua-15.1.04.hex, loading
[13:29:54] [Render thread/INFO] (Jade) Start loading plugin from Jade
[13:29:55] [Render thread/INFO] (Jade) Start loading plugin from Jade
[13:29:55] [Render thread/INFO] (Jade) Start loading plugin from Jade
[13:29:56] [Render thread/WARN] (Minecraft) Missing sound for event: minecraft:item.goat_horn.play
[13:29:56] [Render thread/WARN] (Minecraft) Missing sound for event: minecraft:entity.goat.screaming.horn_break
[13:29:56] [Render thread/WARN] (Minecraft) Missing sound for event: minecraft:entity.generic.wind_burst
[13:29:56] [Render thread/WARN] (Minecraft) Missing sound for event: sauerkrautmod:boqi_block_break
[13:29:56] [Render thread/WARN] (Minecraft) Missing sound for event: sauerkrautmod:boqi_block_step
[13:29:56] [Render thread/WARN] (Minecraft) Missing sound for event: sauerkrautmod:boqi_block_place
[13:29:56] [Render thread/WARN] (Minecraft) Missing sound for event: sauerkrautmod:boqi_block_hit
[13:29:56] [Render thread/WARN] (Minecraft) Missing sound for event: sauerkrautmod:boqi_block_fall
[13:29:56] [Render thread/INFO] (Minecraft) OpenAL initialized on device OpenAL Soft on 耳机 (HECATE G4 S)
[13:29:56] [Render thread/INFO] (Minecraft) Sound engine started
[13:29:56] [Render thread/INFO] (Minecraft) Created: 2048x2048x4 minecraft:textures/atlas/blocks.png-atlas
[13:29:56] [Render thread/INFO] (Minecraft) Created: 256x256x4 minecraft:textures/atlas/signs.png-atlas
[13:29:56] [Render thread/INFO] (Minecraft) Created: 512x512x4 minecraft:textures/atlas/banner_patterns.png-atlas
[13:29:56] [Render thread/INFO] (Minecraft) Created: 512x512x4 minecraft:textures/atlas/shield_patterns.png-atlas
[13:29:56] [Render thread/INFO] (Minecraft) Created: 1024x1024x4 minecraft:textures/atlas/armor_trims.png-atlas
[13:29:56] [Render thread/INFO] (Minecraft) Created: 256x256x4 minecraft:textures/atlas/chest.png-atlas
[13:29:56] [Render thread/INFO] (Minecraft) Created: 128x64x4 minecraft:textures/atlas/decorated_pot.png-atlas
[13:29:56] [Render thread/INFO] (Minecraft) Created: 512x256x4 minecraft:textures/atlas/beds.png-atlas
[13:29:56] [Render thread/INFO] (Minecraft) Created: 512x256x4 minecraft:textures/atlas/shulker_boxes.png-atlas
[13:29:57] [Render thread/WARN] (Minecraft) Shader rendertype_entity_translucent_emissive could not find sampler named Sampler2 in the specified shader program.
[13:29:57] [Render thread/INFO] (Minecraft) Created: 512x256x0 minecraft:textures/atlas/particles.png-atlas
[13:29:57] [Render thread/INFO] (Minecraft) Created: 256x256x0 minecraft:textures/atlas/paintings.png-atlas
[13:29:57] [Render thread/INFO] (Minecraft) Created: 128x128x0 minecraft:textures/atlas/mob_effects.png-atlas
[13:29:57] [Render thread/INFO] (Minecraft) Created: 1024x512x0 minecraft:textures/atlas/gui.png-atlas
[13:29:57] [IO-Worker-1/INFO] (Minecraft) Could not authorize you against Realms server: Invalid session id
[13:29:57] [IO-Worker-1/ERROR] (Minecraft) Couldn't connect to realms
net.minecraft.client.realms.exception.RealmsServiceException: Realms authentication error with message 'Invalid session id'
	at net.minecraft.client.realms.RealmsClient.execute(RealmsClient.java:414) ~[minecraft-merged-97ecb88e77-1.20.4-net.fabricmc.yarn.1_20_4.1.20.4+build.3-v2.jar:?]
	at net.minecraft.client.realms.RealmsClient.clientCompatible(RealmsClient.java:207) ~[minecraft-merged-97ecb88e77-1.20.4-net.fabricmc.yarn.1_20_4.1.20.4+build.3-v2.jar:?]
	at net.minecraft.client.realms.RealmsAvailability.method_52627(RealmsAvailability.java:44) ~[minecraft-merged-97ecb88e77-1.20.4-net.fabricmc.yarn.1_20_4.1.20.4+build.3-v2.jar:?]
	at java.util.concurrent.CompletableFuture$AsyncSupply.run(CompletableFuture.java:1768) ~[?:?]
	at java.util.concurrent.ThreadPoolExecutor.runWorker(ThreadPoolExecutor.java:1136) ~[?:?]
	at java.util.concurrent.ThreadPoolExecutor$Worker.run(ThreadPoolExecutor.java:635) ~[?:?]
	at java.lang.Thread.run(Thread.java:833) ~[?:?]
[13:30:02] [Render thread/INFO] (Minecraft) Loaded 7 recipes
[13:30:02] [Render thread/INFO] (Minecraft) Loaded 1277 advancements
[13:30:02] [Render thread/INFO] (BiomeModificationImpl) Applied 0 biome modifications to 0 of 64 new biomes in 1.718 ms
[13:30:02] [Server thread/INFO] (Minecraft) Starting integrated minecraft server version 1.20.4
[13:30:02] [Server thread/INFO] (Minecraft) Generating keypair
[13:30:03] [Server thread/INFO] (Minecraft) Preparing start region for dimension minecraft:overworld
[13:30:06] [Render thread/INFO] (Minecraft) 准备生成区域中：0%
[13:30:06] [Render thread/INFO] (Minecraft) 准备生成区域中：0%
[13:30:06] [Render thread/INFO] (Minecraft) 准备生成区域中：0%
[13:30:06] [Render thread/INFO] (Minecraft) 准备生成区域中：0%
[13:30:06] [Render thread/INFO] (Minecraft) 准备生成区域中：0%
[13:30:06] [Render thread/INFO] (Minecraft) 准备生成区域中：0%
[13:30:06] [Render thread/INFO] (Minecraft) 准备生成区域中：0%
[13:30:07] [Render thread/INFO] (Minecraft) 准备生成区域中：55%
[13:30:07] [Render thread/INFO] (Minecraft) Time elapsed: 3660 ms
[13:30:07] [Server thread/INFO] (Minecraft) Changing view distance to 12, from 10
[13:30:07] [Server thread/INFO] (Minecraft) Changing simulation distance to 12, from 0
[13:30:09] [Server thread/INFO] (Minecraft) Player638[local:E:86b82eaa] logged in with entity id 124 at (-70.62847935302631, 70.0, -51.62126328654982)
[13:30:09] [Server thread/INFO] (Minecraft) Player638加入了游戏
[13:30:09] [Server thread/INFO] (Minecraft) Player638取得了进度[热腾腾的]
[13:30:09] [Render thread/INFO] (Jade) Received config from the server: 
[13:30:09] [Render thread/INFO] (Minecraft) [System] [CHAT] Player638取得了进度[热腾腾的]
[13:30:09] [Render thread/INFO] (Minecraft) Loaded 42 advancements
[13:30:12] [Render thread/WARN] (Minecraft) Unable to play empty soundEvent: minecraft:entity.snow_golem.ambient
[13:30:16] [Server thread/INFO] (Minecraft) [Player638: 已将自己的游戏模式设置为创造模式]
[13:30:16] [Render thread/INFO] (Minecraft) [System] [CHAT] 已将自己的游戏模式设置为创造模式
[13:30:32] [Server thread/INFO] (Minecraft) [Player638: 已将自己的游戏模式设置为生存模式]
[13:30:32] [Render thread/INFO] (Minecraft) [System] [CHAT] 已将自己的游戏模式设置为生存模式
[13:31:29] [Server thread/INFO] (Minecraft) Saving and pausing game...
[13:31:29] [Server thread/INFO] (Minecraft) Saving chunks for level 'ServerLevel[新的世界]'/minecraft:overworld
[13:31:29] [Server thread/INFO] (Minecraft) Saving chunks for level 'ServerLevel[新的世界]'/minecraft:the_nether
[13:31:29] [Server thread/INFO] (Minecraft) Saving chunks for level 'ServerLevel[新的世界]'/minecraft:the_end
[13:34:08] [Render thread/INFO] (Minecraft) Stopping!
[13:34:08] [Server thread/INFO] (Minecraft) Player638 lost connection: 连接中断
[13:34:08] [Server thread/INFO] (Minecraft) Player638退出了游戏
[13:34:08] [Server thread/INFO] (Minecraft) Stopping singleplayer server as player logged out
[13:34:08] [Server thread/INFO] (Minecraft) Stopping server
[13:34:08] [Server thread/INFO] (Minecraft) Saving players
[13:34:08] [Server thread/INFO] (Minecraft) Saving worlds
[13:34:08] [Server thread/INFO] (Minecraft) Saving chunks for level 'ServerLevel[新的世界]'/minecraft:overworld
[13:34:08] [Server thread/INFO] (Minecraft) Saving chunks for level 'ServerLevel[新的世界]'/minecraft:the_nether
[13:34:08] [Server thread/INFO] (Minecraft) Saving chunks for level 'ServerLevel[新的世界]'/minecraft:the_end
[13:34:08] [Server thread/INFO] (Minecraft) ThreadedAnvilChunkStorage (新的世界): All chunks are saved
[13:34:08] [Server thread/INFO] (Minecraft) ThreadedAnvilChunkStorage (DIM-1): All chunks are saved
[13:34:08] [Server thread/INFO] (Minecraft) ThreadedAnvilChunkStorage (DIM1): All chunks are saved
[13:34:08] [Server thread/INFO] (Minecraft) ThreadedAnvilChunkStorage: All dimensions are saved
