[13:29:01] [main/INFO] (FabricLoader/GameProvider) Loading Minecraft 1.20.4 with Fabric Loader 0.15.11
[13:29:02] [main/INFO] (FabricLoader) Loading 45 mods:
	- fabric-api 0.97.0+1.20.4
	- fabric-api-base 0.4.37+78d798af4f
	- fabric-api-lookup-api-v1 1.6.50+82b1bb3e4f
	- fabric-biome-api-v1 13.0.17+78d798af4f
	- fabric-block-api-v1 1.0.17+3e2216cb4f
	- fabric-block-view-api-v2 1.0.5+78d798af4f
	- fabric-command-api-v1 1.2.42+f71b366f4f
	- fabric-command-api-v2 2.2.21+78d798af4f
	- fabric-commands-v0 0.2.59+df3654b34f
	- fabric-containers-v0 0.1.87+df3654b34f
	- fabric-content-registries-v0 5.0.16+78d798af4f
	- fabric-convention-tags-v1 1.5.11+78d798af4f
	- fabric-crash-report-info-v1 0.2.24+78d798af4f
	- fabric-data-attachment-api-v1 1.1.5+b90db5744f
	- fabric-data-generation-api-v1 13.2.5+5c0133444f
	- fabric-dimensions-v1 2.1.62+78d798af4f
	- fabric-entity-events-v1 1.6.2+09fc25014f
	- fabric-events-interaction-v0 0.7.2+389931eb4f
	- fabric-events-lifecycle-v0 0.2.75+df3654b34f
	- fabric-game-rule-api-v1 1.0.47+78d798af4f
	- fabric-gametest-api-v1 1.3.6+85d85a934f
	- fabric-item-api-v1 2.3.0+bcdd12964f
	- fabric-item-group-api-v1 4.0.27+ee30b13a4f
	- fabric-lifecycle-events-v1 2.3.1+a67ffb5d4f
	- fabric-loot-api-v2 2.1.10+78d798af4f
	- fabric-message-api-v1 6.0.6+78d798af4f
	- fabric-mining-level-api-v1 2.1.66+78d798af4f
	- fabric-networking-api-v1 3.1.8+2e5ac5484f
	- fabric-object-builder-api-v1 13.1.0+dba1195c4f
	- fabric-particles-v1 1.1.8+78d798af4f
	- fabric-recipe-api-v1 2.0.21+78d798af4f
	- fabric-registry-sync-v0 4.0.20+ee30b13a4f
	- fabric-rendering-data-attachment-v1 0.3.43+73761d2e4f
	- fabric-rendering-fluids-v1 3.1.2+e761c6694f
	- fabric-resource-conditions-api-v1 2.3.15+78d798af4f
	- fabric-resource-loader-v0 0.11.21+ee30b13a4f
	- fabric-screen-handler-api-v1 1.3.56+78d798af4f
	- fabric-transfer-api-v1 4.0.12+90f2d7b14f
	- fabric-transitive-access-wideners-v1 5.0.15+78d798af4f
	- fabricloader 0.15.11
	- jade 13.3.1
	- java 17
	- minecraft 1.20.4
	- mixinextras 0.3.5
	- sauerkrautmod 0.1.0
[13:29:02] [main/INFO] (FabricLoader/Mixin) SpongePowered MIXIN Subsystem Version=0.8.5 Source=file:/D:/gradle-8.5/repo/caches/modules-2/files-2.1/net.fabricmc/sponge-mixin/0.13.3+mixin.0.8.5/9527e6b0d2449408958fd1302594dc65ec5ade9c/sponge-mixin-0.13.3+mixin.0.8.5.jar Service=Knot/Fabric Env=SERVER
[13:29:02] [main/INFO] (FabricLoader/Mixin) Loaded Fabric development mappings for mixin remapper!
[13:29:02] [main/INFO] (FabricLoader/Mixin) Compatibility level set to JAVA_17
[13:29:03] [main/INFO] (FabricLoader/MixinExtras|Service) Initializing MixinExtras via com.llamalad7.mixinextras.service.MixinExtrasServiceImpl(version=0.3.5).
[13:29:13] [main/INFO] (fabric-networking-api-v1) Force Packet Serialization is enabled to mimic remote connection on single player, this is the default behaviour on dev env. Add -Dfabric-api.networking.force-packet-serialization=false JVM arg to disable it.
[13:29:13] [main/INFO] (sauerkrautmod) Hello Fabric world!
[13:29:13] [main/INFO] (sauerkrautmod) 注册MOD物品sauerkrautmod
[13:29:13] [main/INFO] (sauerkrautmod) 注册一个自定义物品sauerkrautmod
[13:29:13] [main/INFO] (Minecraft) [STDOUT]: 注册附魔
[13:29:13] [main/INFO] (sauerkrautmod) 注册一个方块sauerkrautmod
[13:29:13] [main/INFO] (sauerkrautmod) 注册一个声音sauerkrautmod
[13:29:13] [main/INFO] (FabricDataGenHelper) Running data generator for sauerkrautmod
[13:29:14] [main/INFO] (Minecraft) Starting provider: SauerkrautMod/Tags for minecraft:block
[13:29:14] [main/INFO] (Minecraft) SauerkrautMod/Tags for minecraft:block finished after 353 ms
[13:29:14] [main/INFO] (Minecraft) Starting provider: SauerkrautMod/Tags for minecraft:item
[13:29:14] [main/INFO] (Minecraft) SauerkrautMod/Tags for minecraft:item finished after 0 ms
[13:29:14] [main/INFO] (Minecraft) Starting provider: SauerkrautMod/Model Definitions
[13:29:14] [main/INFO] (Minecraft) SauerkrautMod/Model Definitions finished after 78 ms
[13:29:14] [main/INFO] (Minecraft) Starting provider: SauerkrautMod/Block Loot Tables
[13:29:14] [main/INFO] (Minecraft) SauerkrautMod/Block Loot Tables finished after 65 ms
[13:29:14] [main/INFO] (Minecraft) Starting provider: SauerkrautMod/Recipes
[13:29:14] [main/INFO] (Minecraft) SauerkrautMod/Recipes finished after 52 ms
[13:29:14] [main/INFO] (Minecraft) Starting provider: SauerkrautMod/Language (zh_cn)
[13:29:14] [main/INFO] (Minecraft) SauerkrautMod/Language (zh_cn) finished after 5 ms
[13:29:14] [main/INFO] (Minecraft) All providers took: 559 ms
[13:29:14] [main/INFO] (Minecraft) Caching: total files: 25, old count: 25, new count: 25, removed stale: 1, written: 1
